0 info it worked if it ends with ok
1 verbose cli [ '/usr/local/bin/node', '/usr/local/bin/npm', 'run', 'deploy' ]
2 info using npm@3.10.3
3 info using node@v6.4.0
4 verbose run-script [ 'predeploy', 'deploy', 'postdeploy' ]
5 info lifecycle imagery-upload@1.0.0~predeploy: imagery-upload@1.0.0
6 silly lifecycle imagery-upload@1.0.0~predeploy: no script for predeploy, continuing
7 info lifecycle imagery-upload@1.0.0~deploy: imagery-upload@1.0.0
8 verbose lifecycle imagery-upload@1.0.0~deploy: unsafe-perm in lifecycle true
9 verbose lifecycle imagery-upload@1.0.0~deploy: PATH: /usr/local/lib/node_modules/npm/bin/node-gyp-bin:/Users/ripzery/PhpStormProjects/react-upload-file/node_modules/.bin:/usr/local/bin:/Users/ripzery/.npm-packages/bin:/usr/local/share/npm/bin:/Users/ripzery/Library/Android/sdk/tools:/Users/ripzery/Library/Android/sdk/platform-tools:/usr/bin:/bin:/usr/sbin:/sbin:/usr/local/bin:/usr/bin:/bin:/usr/sbin:/sbin
10 verbose lifecycle imagery-upload@1.0.0~deploy: CWD: /Users/ripzery/PhpStormProjects/react-upload-file
11 silly lifecycle imagery-upload@1.0.0~deploy: Args: [ '-c',
11 silly lifecycle   'npm install && NODE_ENV=production webpack -p --config webpack.production.config.js && git add . && printf "Please enter commit message : " && read msg && git commit -m "$msg" && git push origin master' ]
12 silly lifecycle imagery-upload@1.0.0~deploy: Returned: code: 1  signal: null
13 info lifecycle imagery-upload@1.0.0~deploy: Failed to exec deploy script
14 verbose stack Error: imagery-upload@1.0.0 deploy: `npm install && NODE_ENV=production webpack -p --config webpack.production.config.js && git add . && printf "Please enter commit message : " && read msg && git commit -m "$msg" && git push origin master`
14 verbose stack Exit status 1
14 verbose stack     at EventEmitter.<anonymous> (/usr/local/lib/node_modules/npm/lib/utils/lifecycle.js:242:16)
14 verbose stack     at emitTwo (events.js:106:13)
14 verbose stack     at EventEmitter.emit (events.js:191:7)
14 verbose stack     at ChildProcess.<anonymous> (/usr/local/lib/node_modules/npm/lib/utils/spawn.js:40:14)
14 verbose stack     at emitTwo (events.js:106:13)
14 verbose stack     at ChildProcess.emit (events.js:191:7)
14 verbose stack     at maybeClose (internal/child_process.js:852:16)
14 verbose stack     at Process.ChildProcess._handle.onexit (internal/child_process.js:215:5)
15 verbose pkgid imagery-upload@1.0.0
16 verbose cwd /Users/ripzery/PhpStormProjects/react-upload-file
17 error Darwin 16.5.0
18 error argv "/usr/local/bin/node" "/usr/local/bin/npm" "run" "deploy"
19 error node v6.4.0
20 error npm  v3.10.3
21 error code ELIFECYCLE
22 error imagery-upload@1.0.0 deploy: `npm install && NODE_ENV=production webpack -p --config webpack.production.config.js && git add . && printf "Please enter commit message : " && read msg && git commit -m "$msg" && git push origin master`
22 error Exit status 1
23 error Failed at the imagery-upload@1.0.0 deploy script 'npm install && NODE_ENV=production webpack -p --config webpack.production.config.js && git add . && printf "Please enter commit message : " && read msg && git commit -m "$msg" && git push origin master'.
23 error Make sure you have the latest version of node.js and npm installed.
23 error If you do, this is most likely a problem with the imagery-upload package,
23 error not with npm itself.
23 error Tell the author that this fails on your system:
23 error     npm install && NODE_ENV=production webpack -p --config webpack.production.config.js && git add . && printf "Please enter commit message : " && read msg && git commit -m "$msg" && git push origin master
23 error You can get information on how to open an issue for this project with:
23 error     npm bugs imagery-upload
23 error Or if that isn't available, you can get their info via:
23 error     npm owner ls imagery-upload
23 error There is likely additional logging output above.
24 verbose exit [ 1, true ]
